Wed Jul 04 2018 01:27:02 GMT-0700 (Pacific Daylight Time): GET /
Wed Jul 04 2018 01:27:03 GMT-0700 (Pacific Daylight Time): GET /about
Wed Jul 04 2018 01:27:03 GMT-0700 (Pacific Daylight Time): GET /
Wed Jul 04 2018 01:27:05 GMT-0700 (Pacific Daylight Time): GET /about
Wed Jul 04 2018 01:27:18 GMT-0700 (Pacific Daylight Time): GET /about
Wed Jul 04 2018 01:27:19 GMT-0700 (Pacific Daylight Time): GET /
Wed Jul 04 2018 01:27:19 GMT-0700 (Pacific Daylight Time): GET /
Wed Jul 04 2018 01:27:20 GMT-0700 (Pacific Daylight Time): GET /about
Wed Jul 04 2018 01:27:21 GMT-0700 (Pacific Daylight Time): GET /about
Wed Jul 04 2018 01:27:21 GMT-0700 (Pacific Daylight Time): GET /about
Wed Jul 04 2018 01:27:22 GMT-0700 (Pacific Daylight Time): GET /about
Wed Jul 04 2018 01:27:22 GMT-0700 (Pacific Daylight Time): GET /
Wed Jul 04 2018 01:27:22 GMT-0700 (Pacific Daylight Time): GET /
Wed Jul 04 2018 01:31:28 GMT-0700 (Pacific Daylight Time): GET /
Wed Jul 04 2018 01:31:29 GMT-0700 (Pacific Daylight Time): GET /about
Wed Jul 04 2018 01:31:31 GMT-0700 (Pacific Daylight Time): GET /
Wed Jul 04 2018 01:31:32 GMT-0700 (Pacific Daylight Time): GET /about
Wed Jul 04 2018 01:31:32 GMT-0700 (Pacific Daylight Time): GET /
Wed Jul 04 2018 01:31:35 GMT-0700 (Pacific Daylight Time): GET /about
Wed Jul 04 2018 01:32:35 GMT-0700 (Pacific Daylight Time): GET /
Wed Jul 04 2018 01:32:57 GMT-0700 (Pacific Daylight Time): GET /
Wed Jul 04 2018 01:32:59 GMT-0700 (Pacific Daylight Time): GET /about
Wed Jul 04 2018 01:33:00 GMT-0700 (Pacific Daylight Time): GET /
Wed Jul 04 2018 01:34:14 GMT-0700 (Pacific Daylight Time): GET /about
Wed Jul 04 2018 01:34:37 GMT-0700 (Pacific Daylight Time): GET /help.html
Wed Jul 04 2018 01:34:38 GMT-0700 (Pacific Daylight Time): GET /
Wed Jul 04 2018 01:34:39 GMT-0700 (Pacific Daylight Time): GET /about
Wed Jul 04 2018 01:34:41 GMT-0700 (Pacific Daylight Time): GET /
Thu Jul 05 2018 19:22:22 GMT-0700 (Pacific Daylight Time): GET /
Thu Jul 05 2018 19:22:24 GMT-0700 (Pacific Daylight Time): GET /
Thu Jul 05 2018 19:22:25 GMT-0700 (Pacific Daylight Time): GET /about
Thu Jul 05 2018 19:22:27 GMT-0700 (Pacific Daylight Time): GET /
Thu Jul 05 2018 19:22:28 GMT-0700 (Pacific Daylight Time): GET /about
Thu Jul 05 2018 19:23:03 GMT-0700 (Pacific Daylight Time): GET /about
Thu Jul 05 2018 19:23:04 GMT-0700 (Pacific Daylight Time): GET /
Thu Jul 05 2018 19:23:06 GMT-0700 (Pacific Daylight Time): GET /about
Thu Jul 05 2018 19:23:07 GMT-0700 (Pacific Daylight Time): GET /
Thu Jul 05 2018 19:27:33 GMT-0700 (Pacific Daylight Time): GET /
Thu Jul 05 2018 19:27:43 GMT-0700 (Pacific Daylight Time): GET /
Thu Jul 05 2018 19:27:45 GMT-0700 (Pacific Daylight Time): GET /about
Thu Jul 05 2018 19:27:51 GMT-0700 (Pacific Daylight Time): GET /
Thu Jul 05 2018 19:27:52 GMT-0700 (Pacific Daylight Time): GET /about
Thu Jul 05 2018 19:38:35 GMT-0700 (Pacific Daylight Time): GET /
Thu Jul 05 2018 20:35:50 GMT-0700 (Pacific Daylight Time): GET /
